

Started GET "/candidates" for 127.0.0.1 at 2015-06-09 17:07:06 +0800

ActiveRecord::NoDatabaseError (FATAL:  database "heyandie_development" does not exist
Run `$ bin/rake db:create db:migrate` to create your database):
  activerecord (4.1.6) lib/active_record/connection_adapters/postgresql_adapter.rb:898:in `rescue in connect'
  activerecord (4.1.6) lib/active_record/connection_adapters/postgresql_adapter.rb:888:in `connect'
  activerecord (4.1.6) lib/active_record/connection_adapters/postgresql_adapter.rb:568:in `initialize'
  activerecord (4.1.6) lib/active_record/connection_adapters/postgresql_adapter.rb:41:in `new'
  activerecord (4.1.6) lib/active_record/connection_adapters/postgresql_adapter.rb:41:in `postgresql_connection'
  activerecord (4.1.6) lib/active_record/connection_adapters/abstract/connection_pool.rb:435:in `new_connection'
  activerecord (4.1.6) lib/active_record/connection_adapters/abstract/connection_pool.rb:445:in `checkout_new_connection'
  activerecord (4.1.6) lib/active_record/connection_adapters/abstract/connection_pool.rb:416:in `acquire_connection'
  activerecord (4.1.6) lib/active_record/connection_adapters/abstract/connection_pool.rb:351:in `block in checkout'
  /home/andie/.rbenv/versions/2.1.3/lib/ruby/2.1.0/monitor.rb:211:in `mon_synchronize'
  activerecord (4.1.6) lib/active_record/connection_adapters/abstract/connection_pool.rb:350:in `checkout'
  activerecord (4.1.6) lib/active_record/connection_adapters/abstract/connection_pool.rb:265:in `block in connection'
  /home/andie/.rbenv/versions/2.1.3/lib/ruby/2.1.0/monitor.rb:211:in `mon_synchronize'
  activerecord (4.1.6) lib/active_record/connection_adapters/abstract/connection_pool.rb:264:in `connection'
  activerecord (4.1.6) lib/active_record/connection_adapters/abstract/connection_pool.rb:541:in `retrieve_connection'
  activerecord (4.1.6) lib/active_record/connection_handling.rb:113:in `retrieve_connection'
  activerecord (4.1.6) lib/active_record/connection_handling.rb:87:in `connection'
  activerecord (4.1.6) lib/active_record/query_cache.rb:51:in `restore_query_cache_settings'
  activerecord (4.1.6) lib/active_record/query_cache.rb:43:in `rescue in call'
  activerecord (4.1.6) lib/active_record/query_cache.rb:32:in `call'
  activerecord (4.1.6) lib/active_record/connection_adapters/abstract/connection_pool.rb:621:in `call'
  activerecord (4.1.6) lib/active_record/migration.rb:380:in `call'
  actionpack (4.1.6) lib/action_dispatch/middleware/callbacks.rb:29:in `block in call'
  activesupport (4.1.6) lib/active_support/callbacks.rb:82:in `run_callbacks'
  actionpack (4.1.6) lib/action_dispatch/middleware/callbacks.rb:27:in `call'
  actionpack (4.1.6) lib/action_dispatch/middleware/reloader.rb:73:in `call'
  actionpack (4.1.6) lib/action_dispatch/middleware/remote_ip.rb:76:in `call'
  actionpack (4.1.6) lib/action_dispatch/middleware/debug_exceptions.rb:17:in `call'
  actionpack (4.1.6) lib/action_dispatch/middleware/show_exceptions.rb:30:in `call'
  railties (4.1.6) lib/rails/rack/logger.rb:38:in `call_app'
  railties (4.1.6) lib/rails/rack/logger.rb:20:in `block in call'
  activesupport (4.1.6) lib/active_support/tagged_logging.rb:68:in `block in tagged'
  activesupport (4.1.6) lib/active_support/tagged_logging.rb:26:in `tagged'
  activesupport (4.1.6) lib/active_support/tagged_logging.rb:68:in `tagged'
  railties (4.1.6) lib/rails/rack/logger.rb:20:in `call'
  actionpack (4.1.6) lib/action_dispatch/middleware/request_id.rb:21:in `call'
  rack (1.5.3) lib/rack/methodoverride.rb:21:in `call'
  rack (1.5.3) lib/rack/runtime.rb:17:in `call'
  activesupport (4.1.6) lib/active_support/cache/strategy/local_cache_middleware.rb:26:in `call'
  rack (1.5.3) lib/rack/lock.rb:17:in `call'
  actionpack (4.1.6) lib/action_dispatch/middleware/static.rb:64:in `call'
  rack (1.5.3) lib/rack/sendfile.rb:112:in `call'
  railties (4.1.6) lib/rails/engine.rb:514:in `call'
  railties (4.1.6) lib/rails/application.rb:144:in `call'
  rack (1.5.3) lib/rack/lock.rb:17:in `call'
  rack (1.5.3) lib/rack/content_length.rb:14:in `call'
  rack (1.5.3) lib/rack/handler/webrick.rb:60:in `service'
  /home/andie/.rbenv/versions/2.1.3/lib/ruby/2.1.0/webrick/httpserver.rb:138:in `service'
  /home/andie/.rbenv/versions/2.1.3/lib/ruby/2.1.0/webrick/httpserver.rb:94:in `run'
  /home/andie/.rbenv/versions/2.1.3/lib/ruby/2.1.0/webrick/server.rb:295:in `block in start_thread'


  Rendered /home/andie/.rbenv/versions/2.1.3/lib/ruby/gems/2.1.0/gems/actionpack-4.1.6/lib/action_dispatch/middleware/templates/rescues/_source.erb (2.0ms)
  Rendered /home/andie/.rbenv/versions/2.1.3/lib/ruby/gems/2.1.0/gems/actionpack-4.1.6/lib/action_dispatch/middleware/templates/rescues/_trace.html.erb (3.7ms)
  Rendered /home/andie/.rbenv/versions/2.1.3/lib/ruby/gems/2.1.0/gems/actionpack-4.1.6/lib/action_dispatch/middleware/templates/rescues/_request_and_response.html.erb (1.4ms)
  Rendered /home/andie/.rbenv/versions/2.1.3/lib/ruby/gems/2.1.0/gems/actionpack-4.1.6/lib/action_dispatch/middleware/templates/rescues/diagnostics.erb within rescues/layout (66.1ms)


Started GET "/" for 127.0.0.1 at 2015-06-09 17:07:11 +0800

ActiveRecord::NoDatabaseError (FATAL:  database "heyandie_development" does not exist
Run `$ bin/rake db:create db:migrate` to create your database):
  activerecord (4.1.6) lib/active_record/connection_adapters/postgresql_adapter.rb:898:in `rescue in connect'
  activerecord (4.1.6) lib/active_record/connection_adapters/postgresql_adapter.rb:888:in `connect'
  activerecord (4.1.6) lib/active_record/connection_adapters/postgresql_adapter.rb:568:in `initialize'
  activerecord (4.1.6) lib/active_record/connection_adapters/postgresql_adapter.rb:41:in `new'
  activerecord (4.1.6) lib/active_record/connection_adapters/postgresql_adapter.rb:41:in `postgresql_connection'
  activerecord (4.1.6) lib/active_record/connection_adapters/abstract/connection_pool.rb:435:in `new_connection'
  activerecord (4.1.6) lib/active_record/connection_adapters/abstract/connection_pool.rb:445:in `checkout_new_connection'
  activerecord (4.1.6) lib/active_record/connection_adapters/abstract/connection_pool.rb:416:in `acquire_connection'
  activerecord (4.1.6) lib/active_record/connection_adapters/abstract/connection_pool.rb:351:in `block in checkout'
  /home/andie/.rbenv/versions/2.1.3/lib/ruby/2.1.0/monitor.rb:211:in `mon_synchronize'
  activerecord (4.1.6) lib/active_record/connection_adapters/abstract/connection_pool.rb:350:in `checkout'
  activerecord (4.1.6) lib/active_record/connection_adapters/abstract/connection_pool.rb:265:in `block in connection'
  /home/andie/.rbenv/versions/2.1.3/lib/ruby/2.1.0/monitor.rb:211:in `mon_synchronize'
  activerecord (4.1.6) lib/active_record/connection_adapters/abstract/connection_pool.rb:264:in `connection'
  activerecord (4.1.6) lib/active_record/connection_adapters/abstract/connection_pool.rb:541:in `retrieve_connection'
  activerecord (4.1.6) lib/active_record/connection_handling.rb:113:in `retrieve_connection'
  activerecord (4.1.6) lib/active_record/connection_handling.rb:87:in `connection'
  activerecord (4.1.6) lib/active_record/query_cache.rb:51:in `restore_query_cache_settings'
  activerecord (4.1.6) lib/active_record/query_cache.rb:43:in `rescue in call'
  activerecord (4.1.6) lib/active_record/query_cache.rb:32:in `call'
  activerecord (4.1.6) lib/active_record/connection_adapters/abstract/connection_pool.rb:621:in `call'
  activerecord (4.1.6) lib/active_record/migration.rb:380:in `call'
  actionpack (4.1.6) lib/action_dispatch/middleware/callbacks.rb:29:in `block in call'
  activesupport (4.1.6) lib/active_support/callbacks.rb:82:in `run_callbacks'
  actionpack (4.1.6) lib/action_dispatch/middleware/callbacks.rb:27:in `call'
  actionpack (4.1.6) lib/action_dispatch/middleware/reloader.rb:73:in `call'
  actionpack (4.1.6) lib/action_dispatch/middleware/remote_ip.rb:76:in `call'
  actionpack (4.1.6) lib/action_dispatch/middleware/debug_exceptions.rb:17:in `call'
  actionpack (4.1.6) lib/action_dispatch/middleware/show_exceptions.rb:30:in `call'
  railties (4.1.6) lib/rails/rack/logger.rb:38:in `call_app'
  railties (4.1.6) lib/rails/rack/logger.rb:20:in `block in call'
  activesupport (4.1.6) lib/active_support/tagged_logging.rb:68:in `block in tagged'
  activesupport (4.1.6) lib/active_support/tagged_logging.rb:26:in `tagged'
  activesupport (4.1.6) lib/active_support/tagged_logging.rb:68:in `tagged'
  railties (4.1.6) lib/rails/rack/logger.rb:20:in `call'
  actionpack (4.1.6) lib/action_dispatch/middleware/request_id.rb:21:in `call'
  rack (1.5.3) lib/rack/methodoverride.rb:21:in `call'
  rack (1.5.3) lib/rack/runtime.rb:17:in `call'
  activesupport (4.1.6) lib/active_support/cache/strategy/local_cache_middleware.rb:26:in `call'
  rack (1.5.3) lib/rack/lock.rb:17:in `call'
  actionpack (4.1.6) lib/action_dispatch/middleware/static.rb:64:in `call'
  rack (1.5.3) lib/rack/sendfile.rb:112:in `call'
  railties (4.1.6) lib/rails/engine.rb:514:in `call'
  railties (4.1.6) lib/rails/application.rb:144:in `call'
  rack (1.5.3) lib/rack/lock.rb:17:in `call'
  rack (1.5.3) lib/rack/content_length.rb:14:in `call'
  rack (1.5.3) lib/rack/handler/webrick.rb:60:in `service'
  /home/andie/.rbenv/versions/2.1.3/lib/ruby/2.1.0/webrick/httpserver.rb:138:in `service'
  /home/andie/.rbenv/versions/2.1.3/lib/ruby/2.1.0/webrick/httpserver.rb:94:in `run'
  /home/andie/.rbenv/versions/2.1.3/lib/ruby/2.1.0/webrick/server.rb:295:in `block in start_thread'


  Rendered /home/andie/.rbenv/versions/2.1.3/lib/ruby/gems/2.1.0/gems/actionpack-4.1.6/lib/action_dispatch/middleware/templates/rescues/_source.erb (0.8ms)
  Rendered /home/andie/.rbenv/versions/2.1.3/lib/ruby/gems/2.1.0/gems/actionpack-4.1.6/lib/action_dispatch/middleware/templates/rescues/_trace.html.erb (1.4ms)
  Rendered /home/andie/.rbenv/versions/2.1.3/lib/ruby/gems/2.1.0/gems/actionpack-4.1.6/lib/action_dispatch/middleware/templates/rescues/_request_and_response.html.erb (1.3ms)
  Rendered /home/andie/.rbenv/versions/2.1.3/lib/ruby/gems/2.1.0/gems/actionpack-4.1.6/lib/action_dispatch/middleware/templates/rescues/diagnostics.erb within rescues/layout (19.5ms)


Started GET "/" for 127.0.0.1 at 2015-06-09 17:07:13 +0800

ActiveRecord::NoDatabaseError (FATAL:  database "heyandie_development" does not exist
Run `$ bin/rake db:create db:migrate` to create your database):
  activerecord (4.1.6) lib/active_record/connection_adapters/postgresql_adapter.rb:898:in `rescue in connect'
  activerecord (4.1.6) lib/active_record/connection_adapters/postgresql_adapter.rb:888:in `connect'
  activerecord (4.1.6) lib/active_record/connection_adapters/postgresql_adapter.rb:568:in `initialize'
  activerecord (4.1.6) lib/active_record/connection_adapters/postgresql_adapter.rb:41:in `new'
  activerecord (4.1.6) lib/active_record/connection_adapters/postgresql_adapter.rb:41:in `postgresql_connection'
  activerecord (4.1.6) lib/active_record/connection_adapters/abstract/connection_pool.rb:435:in `new_connection'
  activerecord (4.1.6) lib/active_record/connection_adapters/abstract/connection_pool.rb:445:in `checkout_new_connection'
  activerecord (4.1.6) lib/active_record/connection_adapters/abstract/connection_pool.rb:416:in `acquire_connection'
  activerecord (4.1.6) lib/active_record/connection_adapters/abstract/connection_pool.rb:351:in `block in checkout'
  /home/andie/.rbenv/versions/2.1.3/lib/ruby/2.1.0/monitor.rb:211:in `mon_synchronize'
  activerecord (4.1.6) lib/active_record/connection_adapters/abstract/connection_pool.rb:350:in `checkout'
  activerecord (4.1.6) lib/active_record/connection_adapters/abstract/connection_pool.rb:265:in `block in connection'
  /home/andie/.rbenv/versions/2.1.3/lib/ruby/2.1.0/monitor.rb:211:in `mon_synchronize'
  activerecord (4.1.6) lib/active_record/connection_adapters/abstract/connection_pool.rb:264:in `connection'
  activerecord (4.1.6) lib/active_record/connection_adapters/abstract/connection_pool.rb:541:in `retrieve_connection'
  activerecord (4.1.6) lib/active_record/connection_handling.rb:113:in `retrieve_connection'
  activerecord (4.1.6) lib/active_record/connection_handling.rb:87:in `connection'
  activerecord (4.1.6) lib/active_record/query_cache.rb:51:in `restore_query_cache_settings'
  activerecord (4.1.6) lib/active_record/query_cache.rb:43:in `rescue in call'
  activerecord (4.1.6) lib/active_record/query_cache.rb:32:in `call'
  activerecord (4.1.6) lib/active_record/connection_adapters/abstract/connection_pool.rb:621:in `call'
  activerecord (4.1.6) lib/active_record/migration.rb:380:in `call'
  actionpack (4.1.6) lib/action_dispatch/middleware/callbacks.rb:29:in `block in call'
  activesupport (4.1.6) lib/active_support/callbacks.rb:82:in `run_callbacks'
  actionpack (4.1.6) lib/action_dispatch/middleware/callbacks.rb:27:in `call'
  actionpack (4.1.6) lib/action_dispatch/middleware/reloader.rb:73:in `call'
  actionpack (4.1.6) lib/action_dispatch/middleware/remote_ip.rb:76:in `call'
  actionpack (4.1.6) lib/action_dispatch/middleware/debug_exceptions.rb:17:in `call'
  actionpack (4.1.6) lib/action_dispatch/middleware/show_exceptions.rb:30:in `call'
  railties (4.1.6) lib/rails/rack/logger.rb:38:in `call_app'
  railties (4.1.6) lib/rails/rack/logger.rb:20:in `block in call'
  activesupport (4.1.6) lib/active_support/tagged_logging.rb:68:in `block in tagged'
  activesupport (4.1.6) lib/active_support/tagged_logging.rb:26:in `tagged'
  activesupport (4.1.6) lib/active_support/tagged_logging.rb:68:in `tagged'
  railties (4.1.6) lib/rails/rack/logger.rb:20:in `call'
  actionpack (4.1.6) lib/action_dispatch/middleware/request_id.rb:21:in `call'
  rack (1.5.3) lib/rack/methodoverride.rb:21:in `call'
  rack (1.5.3) lib/rack/runtime.rb:17:in `call'
  activesupport (4.1.6) lib/active_support/cache/strategy/local_cache_middleware.rb:26:in `call'
  rack (1.5.3) lib/rack/lock.rb:17:in `call'
  actionpack (4.1.6) lib/action_dispatch/middleware/static.rb:64:in `call'
  rack (1.5.3) lib/rack/sendfile.rb:112:in `call'
  railties (4.1.6) lib/rails/engine.rb:514:in `call'
  railties (4.1.6) lib/rails/application.rb:144:in `call'
  rack (1.5.3) lib/rack/lock.rb:17:in `call'
  rack (1.5.3) lib/rack/content_length.rb:14:in `call'
  rack (1.5.3) lib/rack/handler/webrick.rb:60:in `service'
  /home/andie/.rbenv/versions/2.1.3/lib/ruby/2.1.0/webrick/httpserver.rb:138:in `service'
  /home/andie/.rbenv/versions/2.1.3/lib/ruby/2.1.0/webrick/httpserver.rb:94:in `run'
  /home/andie/.rbenv/versions/2.1.3/lib/ruby/2.1.0/webrick/server.rb:295:in `block in start_thread'


  Rendered /home/andie/.rbenv/versions/2.1.3/lib/ruby/gems/2.1.0/gems/actionpack-4.1.6/lib/action_dispatch/middleware/templates/rescues/_source.erb (0.8ms)
  Rendered /home/andie/.rbenv/versions/2.1.3/lib/ruby/gems/2.1.0/gems/actionpack-4.1.6/lib/action_dispatch/middleware/templates/rescues/_trace.html.erb (1.4ms)
  Rendered /home/andie/.rbenv/versions/2.1.3/lib/ruby/gems/2.1.0/gems/actionpack-4.1.6/lib/action_dispatch/middleware/templates/rescues/_request_and_response.html.erb (1.3ms)
  Rendered /home/andie/.rbenv/versions/2.1.3/lib/ruby/gems/2.1.0/gems/actionpack-4.1.6/lib/action_dispatch/middleware/templates/rescues/diagnostics.erb within rescues/layout (19.6ms)


Started GET "/" for 127.0.0.1 at 2015-06-09 17:07:37 +0800
Processing by Rails::WelcomeController#index as HTML
  Rendered /home/andie/.rbenv/versions/2.1.3/lib/ruby/gems/2.1.0/gems/railties-4.1.6/lib/rails/templates/rails/welcome/index.html.erb (4.6ms)
Completed 200 OK in 53ms (Views: 16.2ms | ActiveRecord: 0.0ms)


Started GET "/" for 127.0.0.1 at 2015-06-09 17:19:27 +0800

ActionController::RoutingError (uninitialized constant StaticPagesController):
  activesupport (4.1.6) lib/active_support/inflector/methods.rb:238:in `const_get'
  activesupport (4.1.6) lib/active_support/inflector/methods.rb:238:in `block in constantize'
  activesupport (4.1.6) lib/active_support/inflector/methods.rb:236:in `each'
  activesupport (4.1.6) lib/active_support/inflector/methods.rb:236:in `inject'
  activesupport (4.1.6) lib/active_support/inflector/methods.rb:236:in `constantize'
  actionpack (4.1.6) lib/action_dispatch/routing/route_set.rb:78:in `controller_reference'
  actionpack (4.1.6) lib/action_dispatch/routing/route_set.rb:68:in `controller'
  actionpack (4.1.6) lib/action_dispatch/routing/route_set.rb:46:in `call'
  actionpack (4.1.6) lib/action_dispatch/journey/router.rb:73:in `block in call'
  actionpack (4.1.6) lib/action_dispatch/journey/router.rb:59:in `each'
  actionpack (4.1.6) lib/action_dispatch/journey/router.rb:59:in `call'
  actionpack (4.1.6) lib/action_dispatch/routing/route_set.rb:678:in `call'
  rack (1.5.3) lib/rack/etag.rb:23:in `call'
  rack (1.5.3) lib/rack/conditionalget.rb:25:in `call'
  rack (1.5.3) lib/rack/head.rb:11:in `call'
  actionpack (4.1.6) lib/action_dispatch/middleware/params_parser.rb:27:in `call'
  actionpack (4.1.6) lib/action_dispatch/middleware/flash.rb:254:in `call'
  rack (1.5.3) lib/rack/session/abstract/id.rb:225:in `context'
  rack (1.5.3) lib/rack/session/abstract/id.rb:220:in `call'
  actionpack (4.1.6) lib/action_dispatch/middleware/cookies.rb:560:in `call'
  activerecord (4.1.6) lib/active_record/query_cache.rb:36:in `call'
  activerecord (4.1.6) lib/active_record/connection_adapters/abstract/connection_pool.rb:621:in `call'
  activerecord (4.1.6) lib/active_record/migration.rb:380:in `call'
  actionpack (4.1.6) lib/action_dispatch/middleware/callbacks.rb:29:in `block in call'
  activesupport (4.1.6) lib/active_support/callbacks.rb:82:in `run_callbacks'
  actionpack (4.1.6) lib/action_dispatch/middleware/callbacks.rb:27:in `call'
  actionpack (4.1.6) lib/action_dispatch/middleware/reloader.rb:73:in `call'
  actionpack (4.1.6) lib/action_dispatch/middleware/remote_ip.rb:76:in `call'
  actionpack (4.1.6) lib/action_dispatch/middleware/debug_exceptions.rb:17:in `call'
  actionpack (4.1.6) lib/action_dispatch/middleware/show_exceptions.rb:30:in `call'
  railties (4.1.6) lib/rails/rack/logger.rb:38:in `call_app'
  railties (4.1.6) lib/rails/rack/logger.rb:20:in `block in call'
  activesupport (4.1.6) lib/active_support/tagged_logging.rb:68:in `block in tagged'
  activesupport (4.1.6) lib/active_support/tagged_logging.rb:26:in `tagged'
  activesupport (4.1.6) lib/active_support/tagged_logging.rb:68:in `tagged'
  railties (4.1.6) lib/rails/rack/logger.rb:20:in `call'
  actionpack (4.1.6) lib/action_dispatch/middleware/request_id.rb:21:in `call'
  rack (1.5.3) lib/rack/methodoverride.rb:21:in `call'
  rack (1.5.3) lib/rack/runtime.rb:17:in `call'
  activesupport (4.1.6) lib/active_support/cache/strategy/local_cache_middleware.rb:26:in `call'
  rack (1.5.3) lib/rack/lock.rb:17:in `call'
  actionpack (4.1.6) lib/action_dispatch/middleware/static.rb:64:in `call'
  rack (1.5.3) lib/rack/sendfile.rb:112:in `call'
  railties (4.1.6) lib/rails/engine.rb:514:in `call'
  railties (4.1.6) lib/rails/application.rb:144:in `call'
  rack (1.5.3) lib/rack/lock.rb:17:in `call'
  rack (1.5.3) lib/rack/content_length.rb:14:in `call'
  rack (1.5.3) lib/rack/handler/webrick.rb:60:in `service'
  /home/andie/.rbenv/versions/2.1.3/lib/ruby/2.1.0/webrick/httpserver.rb:138:in `service'
  /home/andie/.rbenv/versions/2.1.3/lib/ruby/2.1.0/webrick/httpserver.rb:94:in `run'
  /home/andie/.rbenv/versions/2.1.3/lib/ruby/2.1.0/webrick/server.rb:295:in `block in start_thread'


  Rendered /home/andie/.rbenv/versions/2.1.3/lib/ruby/gems/2.1.0/gems/actionpack-4.1.6/lib/action_dispatch/middleware/templates/rescues/_trace.html.erb (2.3ms)
  Rendered /home/andie/.rbenv/versions/2.1.3/lib/ruby/gems/2.1.0/gems/actionpack-4.1.6/lib/action_dispatch/middleware/templates/routes/_route.html.erb (1.2ms)
  Rendered /home/andie/.rbenv/versions/2.1.3/lib/ruby/gems/2.1.0/gems/actionpack-4.1.6/lib/action_dispatch/middleware/templates/routes/_table.html.erb (5.6ms)
  Rendered /home/andie/.rbenv/versions/2.1.3/lib/ruby/gems/2.1.0/gems/actionpack-4.1.6/lib/action_dispatch/middleware/templates/rescues/routing_error.html.erb within rescues/layout (47.0ms)


Started GET "/" for 127.0.0.1 at 2015-06-09 17:21:13 +0800

SyntaxError (/home/andie/heyandie/app/controllers/static_pages_controller.rb:3: syntax error, unexpected end-of-input, expecting keyword_end):
  app/controllers/static_pages_controller.rb:3: syntax error, unexpected end-of-input, expecting keyword_end


  Rendered /home/andie/.rbenv/versions/2.1.3/lib/ruby/gems/2.1.0/gems/actionpack-4.1.6/lib/action_dispatch/middleware/templates/rescues/_source.erb (1.0ms)
  Rendered /home/andie/.rbenv/versions/2.1.3/lib/ruby/gems/2.1.0/gems/actionpack-4.1.6/lib/action_dispatch/middleware/templates/rescues/_trace.html.erb (1.6ms)
  Rendered /home/andie/.rbenv/versions/2.1.3/lib/ruby/gems/2.1.0/gems/actionpack-4.1.6/lib/action_dispatch/middleware/templates/rescues/_request_and_response.html.erb (23.4ms)
  Rendered /home/andie/.rbenv/versions/2.1.3/lib/ruby/gems/2.1.0/gems/actionpack-4.1.6/lib/action_dispatch/middleware/templates/rescues/diagnostics.erb within rescues/layout (44.1ms)


Started GET "/" for 127.0.0.1 at 2015-06-09 17:21:22 +0800
Processing by StaticPagesController#index as HTML
  Rendered static_pages/index.html.haml within layouts/application (1.4ms)
Completed 200 OK in 7ms (Views: 6.4ms | ActiveRecord: 0.0ms)


Started GET "/" for 127.0.0.1 at 2015-06-09 17:21:27 +0800
Processing by StaticPagesController#index as HTML
  Rendered static_pages/index.html.haml within layouts/application (2.3ms)
Completed 200 OK in 6ms (Views: 5.4ms | ActiveRecord: 0.0ms)


Started GET "/" for 127.0.0.1 at 2015-06-09 17:31:39 +0800
Processing by StaticPagesController#index as HTML
  Rendered static_pages/index.html.haml within layouts/application (1.6ms)
Completed 200 OK in 914ms (Views: 913.3ms | ActiveRecord: 0.0ms)


Started GET "/assets/style.css?body=1" for 127.0.0.1 at 2015-06-09 17:31:40 +0800


Started GET "/assets/unsemantic.css?body=1" for 127.0.0.1 at 2015-06-09 17:31:40 +0800


Started GET "/assets/home.js?body=1" for 127.0.0.1 at 2015-06-09 17:31:40 +0800


Started GET "/assets/jpreloader.css?body=1" for 127.0.0.1 at 2015-06-09 17:31:40 +0800


Started GET "/assets/application.css?body=1" for 127.0.0.1 at 2015-06-09 17:31:40 +0800


Started GET "/assets/jquery.js?body=1" for 127.0.0.1 at 2015-06-09 17:31:40 +0800


Started GET "/assets/jquery_ujs.js?body=1" for 127.0.0.1 at 2015-06-09 17:31:40 +0800


Started GET "/assets/turbolinks.js?body=1" for 127.0.0.1 at 2015-06-09 17:31:40 +0800


Started GET "/assets/jpreloader.js?body=1" for 127.0.0.1 at 2015-06-09 17:31:40 +0800


Started GET "/assets/application.js?body=1" for 127.0.0.1 at 2015-06-09 17:31:40 +0800


Started GET "/images/happy_background_1360_x_768.jpg" for 127.0.0.1 at 2015-06-09 17:31:41 +0800

ActionController::RoutingError (No route matches [GET] "/images/happy_background_1360_x_768.jpg"):
  actionpack (4.1.6) lib/action_dispatch/middleware/debug_exceptions.rb:21:in `call'
  actionpack (4.1.6) lib/action_dispatch/middleware/show_exceptions.rb:30:in `call'
  railties (4.1.6) lib/rails/rack/logger.rb:38:in `call_app'
  railties (4.1.6) lib/rails/rack/logger.rb:20:in `block in call'
  activesupport (4.1.6) lib/active_support/tagged_logging.rb:68:in `block in tagged'
  activesupport (4.1.6) lib/active_support/tagged_logging.rb:26:in `tagged'
  activesupport (4.1.6) lib/active_support/tagged_logging.rb:68:in `tagged'
  railties (4.1.6) lib/rails/rack/logger.rb:20:in `call'
  actionpack (4.1.6) lib/action_dispatch/middleware/request_id.rb:21:in `call'
  rack (1.5.3) lib/rack/methodoverride.rb:21:in `call'
  rack (1.5.3) lib/rack/runtime.rb:17:in `call'
  activesupport (4.1.6) lib/active_support/cache/strategy/local_cache_middleware.rb:26:in `call'
  rack (1.5.3) lib/rack/lock.rb:17:in `call'
  actionpack (4.1.6) lib/action_dispatch/middleware/static.rb:64:in `call'
  rack (1.5.3) lib/rack/sendfile.rb:112:in `call'
  railties (4.1.6) lib/rails/engine.rb:514:in `call'
  railties (4.1.6) lib/rails/application.rb:144:in `call'
  rack (1.5.3) lib/rack/lock.rb:17:in `call'
  rack (1.5.3) lib/rack/content_length.rb:14:in `call'
  rack (1.5.3) lib/rack/handler/webrick.rb:60:in `service'
  /home/andie/.rbenv/versions/2.1.3/lib/ruby/2.1.0/webrick/httpserver.rb:138:in `service'
  /home/andie/.rbenv/versions/2.1.3/lib/ruby/2.1.0/webrick/httpserver.rb:94:in `run'
  /home/andie/.rbenv/versions/2.1.3/lib/ruby/2.1.0/webrick/server.rb:295:in `block in start_thread'


  Rendered /home/andie/.rbenv/versions/2.1.3/lib/ruby/gems/2.1.0/gems/actionpack-4.1.6/lib/action_dispatch/middleware/templates/rescues/_trace.html.erb (1.6ms)
  Rendered /home/andie/.rbenv/versions/2.1.3/lib/ruby/gems/2.1.0/gems/actionpack-4.1.6/lib/action_dispatch/middleware/templates/routes/_route.html.erb (1.6ms)
  Rendered /home/andie/.rbenv/versions/2.1.3/lib/ruby/gems/2.1.0/gems/actionpack-4.1.6/lib/action_dispatch/middleware/templates/routes/_table.html.erb (2.8ms)
  Rendered /home/andie/.rbenv/versions/2.1.3/lib/ruby/gems/2.1.0/gems/actionpack-4.1.6/lib/action_dispatch/middleware/templates/rescues/routing_error.html.erb within rescues/layout (26.6ms)


Started GET "/" for 127.0.0.1 at 2015-06-09 17:33:28 +0800
Processing by StaticPagesController#index as HTML
  Rendered static_pages/index.html.haml within layouts/application (1.7ms)
Completed 200 OK in 196ms (Views: 195.2ms | ActiveRecord: 0.0ms)


Started GET "/assets/jpreloader.css?body=1" for 127.0.0.1 at 2015-06-09 17:33:28 +0800


Started GET "/assets/style.css?body=1" for 127.0.0.1 at 2015-06-09 17:33:28 +0800


Started GET "/assets/jquery.js?body=1" for 127.0.0.1 at 2015-06-09 17:33:28 +0800


Started GET "/assets/unsemantic.css?body=1" for 127.0.0.1 at 2015-06-09 17:33:28 +0800


Started GET "/assets/application.css?body=1" for 127.0.0.1 at 2015-06-09 17:33:28 +0800


Started GET "/assets/jquery_ujs.js?body=1" for 127.0.0.1 at 2015-06-09 17:33:28 +0800


Started GET "/assets/turbolinks.js?body=1" for 127.0.0.1 at 2015-06-09 17:33:28 +0800


Started GET "/assets/home.js?body=1" for 127.0.0.1 at 2015-06-09 17:33:28 +0800


Started GET "/assets/jpreloader.js?body=1" for 127.0.0.1 at 2015-06-09 17:33:28 +0800


Started GET "/assets/application.js?body=1" for 127.0.0.1 at 2015-06-09 17:33:28 +0800


Started GET "/" for 127.0.0.1 at 2015-06-09 17:35:52 +0800
Processing by StaticPagesController#index as HTML
  Rendered static_pages/index.html.haml within layouts/application (1.0ms)
Completed 500 Internal Server Error in 3ms

ActionView::Template::Error (Inconsistent indentation: 5 spaces used for indentation, but the rest of the document was indented using 2 spaces.):
    2:   .banner-bg
    3:   .banner-text
    4:     .grid-50.push-25
    5:      %span.name
    6:       %span.master-color A
    7:       %span ndie Rabino
    8:       %span.nols o
  app/views/static_pages/index.html.haml:5


  Rendered /home/andie/.rbenv/versions/2.1.3/lib/ruby/gems/2.1.0/gems/actionpack-4.1.6/lib/action_dispatch/middleware/templates/rescues/_trace.html.erb (1.8ms)
  Rendered /home/andie/.rbenv/versions/2.1.3/lib/ruby/gems/2.1.0/gems/actionpack-4.1.6/lib/action_dispatch/middleware/templates/rescues/_request_and_response.html.erb (1.5ms)
  Rendered /home/andie/.rbenv/versions/2.1.3/lib/ruby/gems/2.1.0/gems/actionpack-4.1.6/lib/action_dispatch/middleware/templates/rescues/template_error.html.erb within rescues/layout (16.5ms)


Started GET "/" for 127.0.0.1 at 2015-06-09 17:36:14 +0800
Processing by StaticPagesController#index as HTML
  Rendered static_pages/index.html.haml within layouts/application (1.9ms)
Completed 500 Internal Server Error in 6ms

ActionView::Template::Error (Inconsistent indentation: 7 spaces used for indentation, but the rest of the document was indented using 2 spaces.):
    2:   .banner-bg
    3:   .banner-text
    4:     .grid-50.push-25
    5:        %span.name
    6:         %span.master-color A
    7:         %span ndie Rabino
    8:         %span.nols o
  app/views/static_pages/index.html.haml:5


  Rendered /home/andie/.rbenv/versions/2.1.3/lib/ruby/gems/2.1.0/gems/actionpack-4.1.6/lib/action_dispatch/middleware/templates/rescues/_trace.html.erb (1.7ms)
  Rendered /home/andie/.rbenv/versions/2.1.3/lib/ruby/gems/2.1.0/gems/actionpack-4.1.6/lib/action_dispatch/middleware/templates/rescues/_request_and_response.html.erb (1.1ms)
  Rendered /home/andie/.rbenv/versions/2.1.3/lib/ruby/gems/2.1.0/gems/actionpack-4.1.6/lib/action_dispatch/middleware/templates/rescues/template_error.html.erb within rescues/layout (15.8ms)


Started GET "/" for 127.0.0.1 at 2015-06-09 17:36:15 +0800
Processing by StaticPagesController#index as HTML
  Rendered static_pages/index.html.haml within layouts/application (1.7ms)
Completed 500 Internal Server Error in 6ms

ActionView::Template::Error (Inconsistent indentation: 7 spaces used for indentation, but the rest of the document was indented using 2 spaces.):
    2:   .banner-bg
    3:   .banner-text
    4:     .grid-50.push-25
    5:        %span.name
    6:         %span.master-color A
    7:         %span ndie Rabino
    8:         %span.nols o
  app/views/static_pages/index.html.haml:5


  Rendered /home/andie/.rbenv/versions/2.1.3/lib/ruby/gems/2.1.0/gems/actionpack-4.1.6/lib/action_dispatch/middleware/templates/rescues/_trace.html.erb (1.8ms)
  Rendered /home/andie/.rbenv/versions/2.1.3/lib/ruby/gems/2.1.0/gems/actionpack-4.1.6/lib/action_dispatch/middleware/templates/rescues/_request_and_response.html.erb (1.3ms)
  Rendered /home/andie/.rbenv/versions/2.1.3/lib/ruby/gems/2.1.0/gems/actionpack-4.1.6/lib/action_dispatch/middleware/templates/rescues/template_error.html.erb within rescues/layout (16.0ms)


Started GET "/" for 127.0.0.1 at 2015-06-09 17:36:39 +0800
Processing by StaticPagesController#index as HTML
  Rendered static_pages/index.html.haml within layouts/application (2.8ms)
Completed 200 OK in 85ms (Views: 84.3ms | ActiveRecord: 0.0ms)


Started GET "/assets/unsemantic.css?body=1" for 127.0.0.1 at 2015-06-09 17:36:39 +0800


Started GET "/assets/style.css?body=1" for 127.0.0.1 at 2015-06-09 17:36:39 +0800


Started GET "/assets/jquery_ujs.js?body=1" for 127.0.0.1 at 2015-06-09 17:36:39 +0800


Started GET "/assets/jquery.js?body=1" for 127.0.0.1 at 2015-06-09 17:36:39 +0800


Started GET "/assets/jpreloader.css?body=1" for 127.0.0.1 at 2015-06-09 17:36:39 +0800


Started GET "/assets/turbolinks.js?body=1" for 127.0.0.1 at 2015-06-09 17:36:39 +0800


Started GET "/assets/application.css?body=1" for 127.0.0.1 at 2015-06-09 17:36:39 +0800


Started GET "/assets/home.js?body=1" for 127.0.0.1 at 2015-06-09 17:36:39 +0800


Started GET "/assets/jpreloader.js?body=1" for 127.0.0.1 at 2015-06-09 17:36:39 +0800


Started GET "/assets/application.js?body=1" for 127.0.0.1 at 2015-06-09 17:36:39 +0800


Started GET "/" for 127.0.0.1 at 2015-06-09 17:36:57 +0800
Processing by StaticPagesController#index as HTML
  Rendered static_pages/index.html.haml within layouts/application (5.2ms)
Completed 200 OK in 71ms (Views: 70.0ms | ActiveRecord: 0.0ms)


Started GET "/assets/style.css?body=1" for 127.0.0.1 at 2015-06-09 17:36:57 +0800


Started GET "/assets/jpreloader.css?body=1" for 127.0.0.1 at 2015-06-09 17:36:57 +0800


Started GET "/assets/unsemantic.css?body=1" for 127.0.0.1 at 2015-06-09 17:36:57 +0800


Started GET "/assets/application.css?body=1" for 127.0.0.1 at 2015-06-09 17:36:57 +0800


Started GET "/assets/jquery.js?body=1" for 127.0.0.1 at 2015-06-09 17:36:57 +0800


Started GET "/assets/jquery_ujs.js?body=1" for 127.0.0.1 at 2015-06-09 17:36:57 +0800


Started GET "/assets/turbolinks.js?body=1" for 127.0.0.1 at 2015-06-09 17:36:57 +0800


Started GET "/assets/home.js?body=1" for 127.0.0.1 at 2015-06-09 17:36:57 +0800


Started GET "/assets/jpreloader.js?body=1" for 127.0.0.1 at 2015-06-09 17:36:57 +0800


Started GET "/assets/application.js?body=1" for 127.0.0.1 at 2015-06-09 17:36:57 +0800


Started GET "/" for 127.0.0.1 at 2015-06-09 17:40:00 +0800
Processing by StaticPagesController#index as HTML
  Rendered static_pages/index.html.haml within layouts/application (2.0ms)
Completed 200 OK in 76ms (Views: 74.7ms | ActiveRecord: 0.0ms)


Started GET "/assets/unsemantic.css?body=1" for 127.0.0.1 at 2015-06-09 17:40:00 +0800


Started GET "/assets/style.css?body=1" for 127.0.0.1 at 2015-06-09 17:40:00 +0800


Started GET "/assets/jpreloader.css?body=1" for 127.0.0.1 at 2015-06-09 17:40:00 +0800


Started GET "/assets/jquery.js?body=1" for 127.0.0.1 at 2015-06-09 17:40:00 +0800


Started GET "/assets/application.css?body=1" for 127.0.0.1 at 2015-06-09 17:40:00 +0800


Started GET "/assets/jquery_ujs.js?body=1" for 127.0.0.1 at 2015-06-09 17:40:00 +0800


Started GET "/assets/turbolinks.js?body=1" for 127.0.0.1 at 2015-06-09 17:40:00 +0800


Started GET "/assets/home.js?body=1" for 127.0.0.1 at 2015-06-09 17:40:00 +0800


Started GET "/assets/jpreloader.js?body=1" for 127.0.0.1 at 2015-06-09 17:40:00 +0800


Started GET "/assets/application.js?body=1" for 127.0.0.1 at 2015-06-09 17:40:00 +0800


Started GET "/" for 127.0.0.1 at 2015-06-09 17:40:24 +0800
Processing by StaticPagesController#index as HTML
  Rendered static_pages/index.html.haml within layouts/application (2.1ms)
Completed 500 Internal Server Error in 7ms

ActionView::Template::Error (Illegal nesting: content can't be both given on the same line as %span and nested within it.):
    3:   .banner-text
    4:     .grid-50.push-25
    5:       %span.name <span class="master-color">A</span><span>ndie Rabin</span><span class="nols">o</span>
    6:         %span.hi Hi, I am
    7:         %span.title a junior web artisa<span class="nols">n</span<
  app/views/static_pages/index.html.haml:6


  Rendered /home/andie/.rbenv/versions/2.1.3/lib/ruby/gems/2.1.0/gems/actionpack-4.1.6/lib/action_dispatch/middleware/templates/rescues/_trace.html.erb (1.7ms)
  Rendered /home/andie/.rbenv/versions/2.1.3/lib/ruby/gems/2.1.0/gems/actionpack-4.1.6/lib/action_dispatch/middleware/templates/rescues/_request_and_response.html.erb (1.1ms)
  Rendered /home/andie/.rbenv/versions/2.1.3/lib/ruby/gems/2.1.0/gems/actionpack-4.1.6/lib/action_dispatch/middleware/templates/rescues/template_error.html.erb within rescues/layout (16.1ms)


Started GET "/" for 127.0.0.1 at 2015-06-09 17:42:35 +0800
Processing by StaticPagesController#index as HTML
  Rendered static_pages/index.html.haml within layouts/application (2.2ms)
Completed 200 OK in 65ms (Views: 64.1ms | ActiveRecord: 0.0ms)


Started GET "/assets/jquery_ujs.js?body=1" for 127.0.0.1 at 2015-06-09 17:42:35 +0800


Started GET "/assets/unsemantic.css?body=1" for 127.0.0.1 at 2015-06-09 17:42:35 +0800


Started GET "/assets/application.css?body=1" for 127.0.0.1 at 2015-06-09 17:42:35 +0800


Started GET "/assets/style.css?body=1" for 127.0.0.1 at 2015-06-09 17:42:35 +0800


Started GET "/assets/jpreloader.css?body=1" for 127.0.0.1 at 2015-06-09 17:42:35 +0800


Started GET "/assets/jquery.js?body=1" for 127.0.0.1 at 2015-06-09 17:42:35 +0800


Started GET "/assets/turbolinks.js?body=1" for 127.0.0.1 at 2015-06-09 17:42:35 +0800


Started GET "/assets/home.js?body=1" for 127.0.0.1 at 2015-06-09 17:42:35 +0800


Started GET "/assets/jpreloader.js?body=1" for 127.0.0.1 at 2015-06-09 17:42:35 +0800


Started GET "/assets/application.js?body=1" for 127.0.0.1 at 2015-06-09 17:42:35 +0800


Started GET "/" for 127.0.0.1 at 2015-06-09 17:48:39 +0800
Processing by StaticPagesController#index as HTML
  Rendered static_pages/index.html.haml within layouts/application (0.1ms)
  Rendered layouts/_header.html.haml (1.6ms)
Completed 500 Internal Server Error in 103ms

ActionView::Template::Error (Illegal nesting: nesting within plain text is illegal.):
    12:     .grid-100
    13:       .grid-30.tablet-grid-30.mobile-grid-30.grid-parent.mh
    14:         a.site-link
    15:           =image_tag '/assets/images/heylogo.png', :height=>"75px", :id=>"site-logo"
    16:       .grid-70.tablet-grid-70.mobile-grid-70.grid-parent.nav-right
    17:         %ul#main-menu
    18:         
  app/views/layouts/_header.html.haml:15
  app/views/layouts/application.html.haml:10:in `_app_views_layouts_application_html_haml___1011333355__594319438'


  Rendered /home/andie/.rbenv/versions/2.1.3/lib/ruby/gems/2.1.0/gems/actionpack-4.1.6/lib/action_dispatch/middleware/templates/rescues/_trace.html.erb (2.0ms)
  Rendered /home/andie/.rbenv/versions/2.1.3/lib/ruby/gems/2.1.0/gems/actionpack-4.1.6/lib/action_dispatch/middleware/templates/rescues/_request_and_response.html.erb (1.3ms)
  Rendered /home/andie/.rbenv/versions/2.1.3/lib/ruby/gems/2.1.0/gems/actionpack-4.1.6/lib/action_dispatch/middleware/templates/rescues/template_error.html.erb within rescues/layout (16.7ms)


Started GET "/" for 127.0.0.1 at 2015-06-09 17:48:57 +0800
Processing by StaticPagesController#index as HTML
  Rendered static_pages/index.html.haml within layouts/application (0.2ms)
  Rendered layouts/_header.html.haml (2.4ms)
Completed 500 Internal Server Error in 77ms

ActionView::Template::Error (The line was indented 2 levels deeper than the previous line.):
    26:             %a Contact
    27:         %ul#toggle-button
    28: 
    29:             .label MENU
    30: 
    31:             %a.toggle-menu
    32:               .toggle-line
  app/views/layouts/_header.html.haml:29
  app/views/layouts/application.html.haml:10:in `_app_views_layouts_application_html_haml___1011333355__594319438'


  Rendered /home/andie/.rbenv/versions/2.1.3/lib/ruby/gems/2.1.0/gems/actionpack-4.1.6/lib/action_dispatch/middleware/templates/rescues/_trace.html.erb (1.8ms)
  Rendered /home/andie/.rbenv/versions/2.1.3/lib/ruby/gems/2.1.0/gems/actionpack-4.1.6/lib/action_dispatch/middleware/templates/rescues/_request_and_response.html.erb (1.3ms)
  Rendered /home/andie/.rbenv/versions/2.1.3/lib/ruby/gems/2.1.0/gems/actionpack-4.1.6/lib/action_dispatch/middleware/templates/rescues/template_error.html.erb within rescues/layout (16.7ms)


Started GET "/" for 127.0.0.1 at 2015-06-09 17:49:05 +0800
Processing by StaticPagesController#index as HTML
  Rendered static_pages/index.html.haml within layouts/application (0.1ms)
  Rendered layouts/_header.html.haml (7.6ms)
Completed 200 OK in 71ms (Views: 70.4ms | ActiveRecord: 0.0ms)


Started GET "/assets/unsemantic.css?body=1" for 127.0.0.1 at 2015-06-09 17:49:05 +0800


Started GET "/assets/jquery.js?body=1" for 127.0.0.1 at 2015-06-09 17:49:05 +0800


Started GET "/assets/application.css?body=1" for 127.0.0.1 at 2015-06-09 17:49:05 +0800


Started GET "/assets/style.css?body=1" for 127.0.0.1 at 2015-06-09 17:49:05 +0800


Started GET "/assets/jquery_ujs.js?body=1" for 127.0.0.1 at 2015-06-09 17:49:05 +0800


Started GET "/assets/jpreloader.css?body=1" for 127.0.0.1 at 2015-06-09 17:49:05 +0800


Started GET "/assets/turbolinks.js?body=1" for 127.0.0.1 at 2015-06-09 17:49:05 +0800


Started GET "/assets/home.js?body=1" for 127.0.0.1 at 2015-06-09 17:49:05 +0800


Started GET "/assets/jpreloader.js?body=1" for 127.0.0.1 at 2015-06-09 17:49:05 +0800


Started GET "/assets/application.js?body=1" for 127.0.0.1 at 2015-06-09 17:49:05 +0800


Started GET "/" for 127.0.0.1 at 2015-06-09 18:13:49 +0800
Processing by StaticPagesController#index as HTML
  Rendered static_pages/index.html.haml within layouts/application (3.7ms)
  Rendered layouts/_header.html.haml (9.8ms)
Completed 200 OK in 178ms (Views: 155.5ms | ActiveRecord: 0.0ms)


Started GET "/assets/style.css?body=1" for 127.0.0.1 at 2015-06-09 18:13:50 +0800


Started GET "/assets/jquery.js?body=1" for 127.0.0.1 at 2015-06-09 18:13:50 +0800


Started GET "/assets/jpreloader.css?body=1" for 127.0.0.1 at 2015-06-09 18:13:50 +0800


Started GET "/assets/jquery_ujs.js?body=1" for 127.0.0.1 at 2015-06-09 18:13:50 +0800


Started GET "/assets/unsemantic.css?body=1" for 127.0.0.1 at 2015-06-09 18:13:50 +0800


Started GET "/assets/application.css?body=1" for 127.0.0.1 at 2015-06-09 18:13:50 +0800


Started GET "/assets/turbolinks.js?body=1" for 127.0.0.1 at 2015-06-09 18:13:50 +0800


Started GET "/assets/home.js?body=1" for 127.0.0.1 at 2015-06-09 18:13:50 +0800


Started GET "/assets/jpreloader.js?body=1" for 127.0.0.1 at 2015-06-09 18:13:50 +0800


Started GET "/assets/application.js?body=1" for 127.0.0.1 at 2015-06-09 18:13:50 +0800
